<?xml version="1.0" encoding="UTF-8"?>
<testsuite name="com.opa.generator.UrlSourceParserTest" tests="4" skipped="0" failures="0" errors="0" timestamp="2020-04-12T19:22:29" hostname="webuser-PB50-70RF-RD-RC" time="0.05">
  <properties/>
  <testcase name="shouldParseCleanBadInputNullEmptySpaces" classname="com.opa.generator.UrlSourceParserTest" time="0.034"/>
  <testcase name="shouldParseCleanGoodInputSpaces" classname="com.opa.generator.UrlSourceParserTest" time="0.001"/>
  <testcase name="shouldHandleLinesIntoRecords" classname="com.opa.generator.UrlSourceParserTest" time="0.007"/>
  <testcase name="shouldParseFileReturnValidUrlSource" classname="com.opa.generator.UrlSourceParserTest" time="0.008"/>
  <system-out><![CDATA[Total lines 2, total records 1
Total lines 4, total records 2
Ignoring line 4: 
Total lines 5, total records 2
Total lines 2, total records 1
]]></system-out>
  <system-err><![CDATA[]]></system-err>
</testsuite>
