<?xml version="1.0" encoding="UTF-8"?>
<testsuite name="com.opa.generator.UrlOpaFormatterTest" tests="2" skipped="0" failures="0" errors="0" timestamp="2020-04-12T19:22:29" hostname="webuser-PB50-70RF-RD-RC" time="0.002">
  <properties/>
  <testcase name="shouldFormatSingleValidUrlSource" classname="com.opa.generator.UrlOpaFormatterTest" time="0.001"/>
  <testcase name="shouldFormatListValidUrlSources" classname="com.opa.generator.UrlOpaFormatterTest" time="0.001"/>
  <system-out><![CDATA[]]></system-out>
  <system-err><![CDATA[]]></system-err>
</testsuite>
